<?xml version="1.0" encoding="UTF-8"?>
<!-- Generated by org.testng.reporters.JUnitReportReporter -->
<testsuite hostname="LAPTOP-NADE445V" failures="0" tests="4" name="com.techtest.adlapi.TestAPI" time="7.800" errors="0" timestamp="2022-02-03T13:55:58 WIB" skipped="0">
  <testcase classname="com.techtest.adlapi.TestAPI" name="testPost" time="4.178"/>
  <system-out/>
  <testcase classname="com.techtest.adlapi.TestAPI" name="testGet" time="1.263"/>
  <system-out/>
  <testcase classname="com.techtest.adlapi.TestAPI" name="testPatch" time="1.188"/>
  <system-out/>
  <testcase classname="com.techtest.adlapi.TestAPI" name="testDelete" time="1.171"/>
  <system-out/>
</testsuite> <!-- com.techtest.adlapi.TestAPI -->
